<?xml version="1.0" encoding="UTF-8"?>
<!-- Generated by org.testng.reporters.JUnitReportReporter -->
<testsuite skipped="0" hostname="DT-AKASH" name="com.healthec.provider.test.smoke.TestInstantMessengerUC_003" tests="1" failures="0" timestamp="20 Mar 2017 07:46:22 GMT" time="11.750" errors="0">
  <testcase name="IMTC_001" time="11.750" classname="com.healthec.provider.test.smoke.TestInstantMessengerUC_003"/>
</testsuite> <!-- com.healthec.provider.test.smoke.TestInstantMessengerUC_003 -->
