<?xml version="1.0" encoding="UTF-8"?>
<!-- Generated by org.testng.reporters.JUnitReportReporter -->
<testsuite skipped="0" hostname="DT-AKASH" name="com.healthec.provider.test.smoke.LaunchAppTest" tests="1" failures="0" timestamp="14 Mar 2017 06:31:17 GMT" time="4.823" errors="0">
  <testcase name="testAppLaunch" time="4.823" classname="com.healthec.provider.test.smoke.LaunchAppTest"/>
</testsuite> <!-- com.healthec.provider.test.smoke.LaunchAppTest -->
