<?xml version="1.0" encoding="UTF-8"?>
<!-- Generated by org.testng.reporters.JUnitReportReporter -->
<testsuite skipped="0" hostname="DT-AKASH" name="com.healthec.provider.test.functional.TestMyPatientListUC_003" tests="1" failures="0" timestamp="24 Mar 2017 06:40:51 GMT" time="45.234" errors="0">
  <testcase name="MyPatientListTestTC_001" time="45.234" classname="com.healthec.provider.test.functional.TestMyPatientListUC_003"/>
</testsuite> <!-- com.healthec.provider.test.functional.TestMyPatientListUC_003 -->
