<?xml version="1.0" encoding="UTF-8"?>
<!-- Generated by org.testng.reporters.JUnitReportReporter -->
<testsuite skipped="0" hostname="DT-AKASH" name="com.healthec.provider.test.smoke.TestdashboardUC_002" tests="1" failures="0" timestamp="16 Mar 2017 14:45:04 GMT" time="75.536" errors="0">
  <testcase name="testDashboardTC_001" time="75.536" classname="com.healthec.provider.test.smoke.TestdashboardUC_002"/>
</testsuite> <!-- com.healthec.provider.test.smoke.TestdashboardUC_002 -->
