<?xml version="1.0" encoding="UTF-8"?>
<!-- Generated by org.testng.reporters.JUnitReportReporter -->
<testsuite skipped="0" hostname="DT-AKASH" name="com.healthec.provider.test.smoke.TestdashboardUC_002" tests="1" failures="0" timestamp="12 Apr 2017 12:21:34 GMT" time="82.314" errors="0">
  <testcase name="testDashboardTC_001" time="82.314" classname="com.healthec.provider.test.smoke.TestdashboardUC_002"/>
</testsuite> <!-- com.healthec.provider.test.smoke.TestdashboardUC_002 -->
