<?xml version="1.0" encoding="UTF-8"?>
<!-- Generated by org.testng.reporters.JUnitReportReporter -->
<testsuite skipped="0" hostname="DT-AKASH" name="com.healthec.provider.test.functional.TestLoginUC_001" tests="1" failures="0" timestamp="15 Mar 2017 15:16:43 GMT" time="21.520" errors="0">
  <testcase name="testloginTC_004" time="21.520" classname="com.healthec.provider.test.functional.TestLoginUC_001"/>
</testsuite> <!-- com.healthec.provider.test.functional.TestLoginUC_001 -->
