<?xml version="1.0" encoding="UTF-8"?>
<!-- Generated by org.testng.reporters.JUnitReportReporter -->
<testsuite skipped="0" hostname="DT-AKASH" name="com.healthec.provider.test.functional.TestdashboardUC_001" tests="1" failures="0" timestamp="16 Mar 2017 06:40:11 GMT" time="40.291" errors="0">
  <testcase name="testDashboardTC_001" time="40.291" classname="com.healthec.provider.test.functional.TestdashboardUC_001"/>
</testsuite> <!-- com.healthec.provider.test.functional.TestdashboardUC_001 -->
