<?xml version="1.0" encoding="UTF-8"?>
<!-- Generated by org.testng.reporters.JUnitReportReporter -->
<testsuite skipped="0" hostname="DT-AKASH" name="com.healthec.provider.test.functional.TestdashboardUC_001" tests="1" failures="0" timestamp="15 Mar 2017 15:18:40 GMT" time="7.529" errors="0">
  <testcase name="testDashboardTC_001" time="7.529" classname="com.healthec.provider.test.functional.TestdashboardUC_001"/>
</testsuite> <!-- com.healthec.provider.test.functional.TestdashboardUC_001 -->
