<?xml version="1.0" encoding="UTF-8"?>
<!-- Generated by org.testng.reporters.JUnitReportReporter -->
<testsuite skipped="0" hostname="DT-AKASH" name="com.healthec.provider.test.smoke.LaunchAppTest" tests="1" failures="0" timestamp="12 Apr 2017 06:58:59 GMT" time="16.653" errors="0">
  <testcase name="testAppLaunch" time="16.653" classname="com.healthec.provider.test.smoke.LaunchAppTest"/>
</testsuite> <!-- com.healthec.provider.test.smoke.LaunchAppTest -->
